<?xml version="1.0" encoding="UTF-8"?>
<!-- Generated by org.testng.reporters.JUnitReportReporter -->
<testsuite skipped="0" hostname="PT-PTL-034" name="com.claimaster.adjudication.tests.Login" tests="1" failures="0" timestamp="13 Jan 2020 08:48:26 GMT" time="17.565" errors="0">
  <testcase name="loginIntoApplication" time="17.565" classname="com.claimaster.adjudication.tests.Login"/>
</testsuite> <!-- com.claimaster.adjudication.tests.Login -->
