<?xml version="1.0" encoding="UTF-8"?>
<!-- Generated by org.testng.reporters.JUnitReportReporter -->
<testsuite hostname="PT-PTL-034" name="com.claimaster.adjudication.tests.TestCalss" tests="1" failures="0" timestamp="10 Jan 2020 11:31:22 GMT" time="7.292" errors="0">
  <testcase name="transactionFailsForIncorrectPaymentInfo" time="7.292" classname="com.claimaster.adjudication.tests.TestCalss"/>
</testsuite> <!-- com.claimaster.adjudication.tests.TestCalss -->
